<?xml version="1.0" encoding="UTF-8"?>
<coverage generated="1703415152616" clover="3.2.0">
  <project timestamp="1703415152616" name="All files">
    <metrics statements="3" coveredstatements="3" conditionals="8" coveredconditionals="4" methods="1" coveredmethods="1" elements="12" coveredelements="8" complexity="0" loc="3" ncloc="3" packages="1" files="1" classes="1"/>
    <file name="pg-connector.ts" path="/Users/punit.sureka/Desktop/Personal/auto-mermaid/engine/src/libs/pg-connector.ts">
      <metrics statements="3" coveredstatements="3" conditionals="8" coveredconditionals="4" methods="1" coveredmethods="1"/>
      <line num="1" count="1" type="stmt"/>
      <line num="4" count="1" type="stmt"/>
      <line num="7" count="1" type="stmt"/>
    </file>
  </project>
</coverage>
