{"/Users/punit.sureka/Desktop/Personal/auto-mermaid/engine/src/libs/pg-connector.ts": {"path":"/Users/punit.sureka/Desktop/Personal/auto-mermaid/engine/src/libs/pg-connector.ts","statementMap":{"0":{"start":{"line":1,"column":0},"end":{"line":1,"column":28}},"1":{"start":{"line":7,"column":4},"end":{"line":12,"column":7}},"2":{"start":{"line":4,"column":0},"end":{"line":4,"column":13}}},"fnMap":{"0":{"name":"(anonymous_0)","decl":{"start":{"line":6,"column":2},"end":{"line":6,"column":14}},"loc":{"start":{"line":6,"column":34},"end":{"line":13,"column":3}}}},"branchMap":{"0":{"loc":{"start":{"line":8,"column":12},"end":{"line":8,"column":36}},"type":"binary-expr","locations":[{"start":{"line":8,"column":12},"end":{"line":8,"column":22}},{"start":{"line":8,"column":26},"end":{"line":8,"column":36}}]},"1":{"loc":{"start":{"line":9,"column":16},"end":{"line":9,"column":44}},"type":"binary-expr","locations":[{"start":{"line":9,"column":16},"end":{"line":9,"column":30}},{"start":{"line":9,"column":34},"end":{"line":9,"column":44}}]},"2":{"loc":{"start":{"line":10,"column":12},"end":{"line":10,"column":37}},"type":"binary-expr","locations":[{"start":{"line":10,"column":12},"end":{"line":10,"column":22}},{"start":{"line":10,"column":26},"end":{"line":10,"column":37}}]},"3":{"loc":{"start":{"line":11,"column":16},"end":{"line":11,"column":44}},"type":"binary-expr","locations":[{"start":{"line":11,"column":16},"end":{"line":11,"column":30}},{"start":{"line":11,"column":34},"end":{"line":11,"column":44}}]}},"s":{"0":1,"1":1,"2":1},"f":{"0":1},"b":{"0":[1,0],"1":[1,0],"2":[1,0],"3":[1,0]}}
}
